<?xml version="1.0" encoding="UTF-8"?>
<!-- Generated by org.testng.reporters.JUnitReportReporter -->
<testsuite hostname="Hp" failures="0" tests="1" name="testCases.evehi" time="0.741" errors="0" timestamp="2024-12-17T14:54:37 IST" skipped="0">
  <testcase classname="testCases.evehi" name="verify_account_registeration" time="0.741"/>
</testsuite> <!-- testCases.evehi -->
