<?xml version="1.0" encoding="UTF-8"?>
<!-- Generated by org.testng.reporters.JUnitReportReporter -->
<testsuite hostname="Hp" failures="0" tests="1" name="testCases.TC001_AccountRegisterationTest" time="2.903" errors="0" timestamp="2024-12-19T01:28:05 IST" skipped="0">
  <testcase classname="testCases.TC001_AccountRegisterationTest" name="verify_account_registeration" time="2.903"/>
</testsuite> <!-- testCases.TC001_AccountRegisterationTest -->
