<?xml version="1.0" encoding="UTF-8"?>
<!-- Generated by org.testng.reporters.JUnitReportReporter -->
<testsuite hostname="Hp" failures="0" tests="1" name="testCases.TC001_AccountRegisterationTest" time="1.922" errors="0" timestamp="2024-12-21T13:58:27 IST" skipped="0">
  <testcase classname="testCases.TC001_AccountRegisterationTest" name="verify_account_registeration" time="1.922"/>
</testsuite> <!-- testCases.TC001_AccountRegisterationTest -->
