<?xml version="1.0" encoding="UTF-8"?>
<!-- Generated by org.testng.reporters.JUnitReportReporter -->
<testsuite hostname="Hp" failures="0" tests="1" name="testCases.TC002_Login_Test" time="1.319" errors="0" timestamp="2024-12-19T18:57:49 IST" skipped="0">
  <testcase classname="testCases.TC002_Login_Test" name="verify_login" time="1.319"/>
</testsuite> <!-- testCases.TC002_Login_Test -->
